{
  "ID": "2967872a-b3f1-40e1-a312-cbbe5d6777ab",
  "Root": {
    "alive": true,
    "content": [
      "b47e8a21-52d1-4beb-901b-a057af7a77d7",
      "a4504ac7-c026-44fb-a5fc-ebd1ea6e1595",
      "50c94e23-503e-4b75-97cd-6359e0c385de",
      "90f2942b-a0f4-42d1-a3bd-264b1ba53aa1",
      "97c03838-8541-43ab-b3e2-362219b89f04"
    ],
    "created_by": "bb760e2d-d679-4b64-b2a9-03005b21870a",
    "created_time": 1550391398836,
    "format": {
      "page_full_width": true,
      "page_small_text": true
    },
    "id": "2967872a-b3f1-40e1-a312-cbbe5d6777ab",
    "ignore_block_count": true,
    "last_edited_by": "bb760e2d-d679-4b64-b2a9-03005b21870a",
    "last_edited_time": 1550474040000,
    "parent_id": "832edc59-a181-4ff4-b2b3-8d46d7010cea",
    "parent_table": "block",
    "properties": {
      "title": [
        [
          "Failing Tests"
        ]
      ]
    },
    "type": "page",
    "version": 7,
    "content_resolved": [
      {
        "alive": true,
        "created_by": "bb760e2d-d679-4b64-b2a9-03005b21870a",
        "created_time": 1550391398832,
        "id": "b47e8a21-52d1-4beb-901b-a057af7a77d7",
        "ignore_block_count": true,
        "last_edited_by": "bb760e2d-d679-4b64-b2a9-03005b21870a",
        "last_edited_time": 1550391398832,
        "parent_id": "2967872a-b3f1-40e1-a312-cbbe5d6777ab",
        "parent_table": "block",
        "properties": {
          "title": [
            [
              "A failing test will provide helpful output as to what went wrong:"
            ]
          ]
        },
        "type": "text",
        "version": 1,
        "inline_content": [
          {
            "Text": "A failing test will provide helpful output as to what went wrong:"
          }
        ]
      },
      {
        "alive": true,
        "created_by": "bb760e2d-d679-4b64-b2a9-03005b21870a",
        "created_time": 1550391398835,
        "id": "a4504ac7-c026-44fb-a5fc-ebd1ea6e1595",
        "ignore_block_count": true,
        "last_edited_by": "bb760e2d-d679-4b64-b2a9-03005b21870a",
        "last_edited_time": 1550391398835,
        "parent_id": "2967872a-b3f1-40e1-a312-cbbe5d6777ab",
        "parent_table": "block",
        "properties": {
          "language": [
            [
              "Plain Text"
            ]
          ],
          "title": [
            [
              "# projectroot/tests/test_code.py\nfrom module import code"
            ]
          ]
        },
        "type": "code",
        "version": 1,
        "code": "# projectroot/tests/test_code.py\nfrom module import code",
        "code_language": "Plain Text"
      },
      {
        "alive": true,
        "created_by": "bb760e2d-d679-4b64-b2a9-03005b21870a",
        "created_time": 1550391398835,
        "id": "50c94e23-503e-4b75-97cd-6359e0c385de",
        "ignore_block_count": true,
        "last_edited_by": "bb760e2d-d679-4b64-b2a9-03005b21870a",
        "last_edited_time": 1550391398835,
        "parent_id": "2967872a-b3f1-40e1-a312-cbbe5d6777ab",
        "parent_table": "block",
        "properties": {
          "language": [
            [
              "Plain Text"
            ]
          ],
          "title": [
            [
              "def test_add__failing():\n    assert code.add(10, 11) == 33"
            ]
          ]
        },
        "type": "code",
        "version": 1,
        "code": "def test_add__failing():\n    assert code.add(10, 11) == 33",
        "code_language": "Plain Text"
      },
      {
        "alive": true,
        "created_by": "bb760e2d-d679-4b64-b2a9-03005b21870a",
        "created_time": 1550391398835,
        "id": "90f2942b-a0f4-42d1-a3bd-264b1ba53aa1",
        "ignore_block_count": true,
        "last_edited_by": "bb760e2d-d679-4b64-b2a9-03005b21870a",
        "last_edited_time": 1550391398835,
        "parent_id": "2967872a-b3f1-40e1-a312-cbbe5d6777ab",
        "parent_table": "block",
        "properties": {
          "title": [
            [
              "Results:"
            ]
          ]
        },
        "type": "text",
        "version": 1,
        "inline_content": [
          {
            "Text": "Results:"
          }
        ]
      },
      {
        "alive": true,
        "created_by": "bb760e2d-d679-4b64-b2a9-03005b21870a",
        "created_time": 1550391398835,
        "id": "97c03838-8541-43ab-b3e2-362219b89f04",
        "ignore_block_count": true,
        "last_edited_by": "bb760e2d-d679-4b64-b2a9-03005b21870a",
        "last_edited_time": 1550391398835,
        "parent_id": "2967872a-b3f1-40e1-a312-cbbe5d6777ab",
        "parent_table": "block",
        "properties": {
          "language": [
            [
              "Plain Text"
            ]
          ],
          "title": [
            [
              "$ py.test\n================================================== test session starts ===================================================\nplatform darwin -- Python 2.7.10, pytest-2.9.2, py-1.4.31, pluggy-0.3.1\nrootdir: /projectroot, inifile:\ncollected 1 items\n\ntests/test_code.py F\n\n======================================================== FAILURES ========================================================\n___________________________________________________ test_add__failing ____________________________________________________\n\n    def test_add__failing():\n\u003e       assert code.add(10, 11) == 33\nE       assert 21 == 33\nE        +  where 21 = \u003cfunction add at 0x105d4d6e0\u003e(10, 11)\nE        +    where \u003cfunction add at 0x105d4d6e0\u003e = code.add\n\ntests/test_code.py:5: AssertionError\n================================================ 1 failed in 0.01 seconds ================================================"
            ]
          ]
        },
        "type": "code",
        "version": 1,
        "code": "$ py.test\n================================================== test session starts ===================================================\nplatform darwin -- Python 2.7.10, pytest-2.9.2, py-1.4.31, pluggy-0.3.1\nrootdir: /projectroot, inifile:\ncollected 1 items\n\ntests/test_code.py F\n\n======================================================== FAILURES ========================================================\n___________________________________________________ test_add__failing ____________________________________________________\n\n    def test_add__failing():\n\u003e       assert code.add(10, 11) == 33\nE       assert 21 == 33\nE        +  where 21 = \u003cfunction add at 0x105d4d6e0\u003e(10, 11)\nE        +    where \u003cfunction add at 0x105d4d6e0\u003e = code.add\n\ntests/test_code.py:5: AssertionError\n================================================ 1 failed in 0.01 seconds ================================================",
        "code_language": "Plain Text"
      }
    ],
    "title": "Failing Tests",
    "format_page": {
      "page_cover": "",
      "page_cover_position": 0,
      "page_font": "",
      "page_full_width": true,
      "page_icon": "",
      "page_small_text": true
    }
  },
  "Users": [
    {
      "email": "kkowalczyk@gmail.com",
      "family_name": "Kowalczyk",
      "given_name": "Krzysztof",
      "id": "bb760e2d-d679-4b64-b2a9-03005b21870a",
      "locale": "en",
      "mobile_onboarding_completed": true,
      "onboarding_completed": true,
      "profile_photo": "https://s3-us-west-2.amazonaws.com/public.notion-static.com/2dcaa66c-7674-4ff6-9924-601785b63561/head-bw-640x960.png",
      "time_zone": "America/Los_Angeles",
      "version": 18
    }
  ],
  "Tables": null
}